Array
(
    [first_name] => hello worlds
    [last_name] => hello world
    [email] => hello@demo.com
)

Array
(
    [first_name] => hello worlds
    [last_name] => hello world
    [email] => hello@demo.com
)

Array
(
    [first_name] => hello worlds
    [last_name] => hello world
    [email] => hello@demo.com
)

Array
(
    [first_name] => hello worlds
    [last_name] => hello world
    [email] => hello@demo.com
)

Array
(
    [first_name] => hello worlds
    [last_name] => hello world
    [email] => hello@demo.com
)

Array
(
    [first_name] => test new
    [last_name] => new world
    [email] => new@demo.com
)

Array
(
    [first_name] => test new
    [last_name] => new world
    [email] => new@demo.com
)

Array
(
    [first_name] => test new
    [last_name] => new world
    [email] => new@demo.com
)

Array
(
    [first_name] => test new
    [last_name] => new world
    [email] => new@demo.com
)

Array
(
    [first_name] => test new
    [last_name] => new world
    [email] => new@demo.com
)

Array
(
    [first_name] => test new
    [last_name] => new world
    [email] => new@demo.com
)

